<!DOCTYPE html PUBLIC "-//W3C//DTD XHTML 1.1//EN" "http://www.w3.org/TR/xhtml11/DTD/xhtml11.dtd">
<html xmlns="http://www.w3.org/1999/xhtml">
<head>
<meta http-equiv="content-type" content="text/html; charset=UTF-8"/>
<title>TestNG Report</title>
<style type="text/css">table {margin-bottom:10px;border-collapse:collapse;empty-cells:show}th,td {border:1px solid #009;padding:.25em .5em}th {vertical-align:bottom}td {vertical-align:top}table a {font-weight:bold}.stripe td {background-color: #E6EBF9}.num {text-align:right}.passedodd td {background-color: #3F3}.passedeven td {background-color: #0A0}.skippedodd td {background-color: #DDD}.skippedeven td {background-color: #CCC}.failedodd td,.attn {background-color: #F33}.failedeven td,.stripe .attn {background-color: #D00}.stacktrace {white-space:pre;font-family:monospace}.totop {font-size:85%;text-align:center;border-bottom:2px solid #000}.invisible {display:none}</style>
</head>
<body>
<table>
<tr><th>Test</th><th># Passed</th><th># Skipped</th><th># Failed</th><th>Time (ms)</th><th>Included Groups</th><th>Excluded Groups</th></tr>
<tr><th colspan="7">Surefire suite</th></tr>
<tr><td><a href="#t0">Surefire test</a></td><td class="num">2</td><td class="num">0</td><td class="num attn">3</td><td class="num">17,748</td><td></td><td></td></tr>
</table>
<table id='summary'><thead><tr><th>Class</th><th>Method</th><th>Start</th><th>Time (ms)</th></tr></thead><tbody><tr><th colspan="4">Surefire suite</th></tr></tbody><tbody id="t0"><tr><th colspan="4">Surefire test &#8212; failed</th></tr><tr class="failedeven"><td rowspan="3">parallel.ParallelRun</td><td><a href="#m0">runScenario</a></td><td rowspan="3">1680181123147</td><td rowspan="3">9784</td></tr><tr class="failedeven"><td><a href="#m1">runScenario</a></td></tr><tr class="failedeven"><td><a href="#m2">runScenario</a></td></tr><tr><th colspan="4">Surefire test &#8212; passed</th></tr><tr class="passedeven"><td rowspan="2">parallel.ParallelRun</td><td><a href="#m3">runScenario</a></td><td rowspan="2">1680181123147</td><td rowspan="2">9706</td></tr><tr class="passedeven"><td><a href="#m4">runScenario</a></td></tr></tbody>
</table>
<h2>Surefire test</h2><h3 id="m0">parallel.ParallelRun#runScenario</h3><table class="result"><tr class="param"><th>Parameter #1</th><th>Parameter #2</th></tr><tr class="param stripe"><td>&quot;Unsuccessful login with invalid or empty credentials&quot;</td><td>&quot;Optional[Login Functionality for OpenCart E-commerce Website]&quot;</td></tr><tr><th colspan="2">Exception</th></tr><tr><td colspan="2"><div class="stacktrace">java.lang.AssertionError: expected [true] but found [false]
	at parallel.LoginPageSteps.i_should_see_an_error_message_indicating(LoginPageSteps.java:46)
	at ✽.I should see an error message indicating &quot;Warning: No match for E-Mail Address and/or Password.&quot;(file:///C:/Sujit/Automation/workspace/CucumberHybridFramework/src/test/resources/parallel/LoginPage.feature:20)
... Removed 4 stack frames</div></td></tr></table><p class="totop"><a href="#summary">back to summary</a></p>
<h3 id="m1">parallel.ParallelRun#runScenario</h3><table class="result"><tr class="param"><th>Parameter #1</th><th>Parameter #2</th></tr><tr class="param stripe"><td>&quot;Unsuccessful login with invalid or empty credentials&quot;</td><td>&quot;Optional[Login Functionality for OpenCart E-commerce Website]&quot;</td></tr><tr><th colspan="2">Exception</th></tr><tr><td colspan="2"><div class="stacktrace">java.lang.AssertionError: expected [true] but found [false]
	at parallel.LoginPageSteps.i_should_see_an_error_message_indicating(LoginPageSteps.java:46)
	at ✽.I should see an error message indicating &quot;Warning: No match for E-Mail Address and/or Password.&quot;(file:///C:/Sujit/Automation/workspace/CucumberHybridFramework/src/test/resources/parallel/LoginPage.feature:20)
... Removed 4 stack frames</div></td></tr></table><p class="totop"><a href="#summary">back to summary</a></p>
<h3 id="m2">parallel.ParallelRun#runScenario</h3><table class="result"><tr class="param"><th>Parameter #1</th><th>Parameter #2</th></tr><tr class="param stripe"><td>&quot;Unsuccessful login with invalid or empty credentials&quot;</td><td>&quot;Optional[Login Functionality for OpenCart E-commerce Website]&quot;</td></tr><tr><th colspan="2">Exception</th></tr><tr><td colspan="2"><div class="stacktrace">java.lang.AssertionError: expected [true] but found [false]
	at parallel.LoginPageSteps.i_should_see_an_error_message_indicating(LoginPageSteps.java:46)
	at ✽.I should see an error message indicating &quot;Warning: No match for E-Mail Address and/or Password.&quot;(file:///C:/Sujit/Automation/workspace/CucumberHybridFramework/src/test/resources/parallel/LoginPage.feature:20)
... Removed 4 stack frames</div></td></tr></table><p class="totop"><a href="#summary">back to summary</a></p>
<h3 id="m3">parallel.ParallelRun#runScenario</h3><table class="result"><tr class="param"><th>Parameter #1</th><th>Parameter #2</th></tr><tr class="param stripe"><td>&quot;Successful login with valid credentials&quot;</td><td>&quot;Optional[Login Functionality for OpenCart E-commerce Website]&quot;</td></tr></table><p class="totop"><a href="#summary">back to summary</a></p>
<h3 id="m4">parallel.ParallelRun#runScenario</h3><table class="result"><tr class="param"><th>Parameter #1</th><th>Parameter #2</th></tr><tr class="param stripe"><td>&quot;Navigating to the forgotten password page&quot;</td><td>&quot;Optional[Login Functionality for OpenCart E-commerce Website]&quot;</td></tr></table><p class="totop"><a href="#summary">back to summary</a></p>
</body>
</html>
