{"uid":"20f4a82cecaff64b","name":"Unsuccessful login with invalid or empty credentials","fullName":"src/test/resources/parallel/LoginPage.feature:24","historyId":"544ca8305ce1e2fb973835135fa02fcf","time":{"start":1707410183481,"stop":1707410200112,"duration":16631},"description":"  As a user of the OpenCart website\n  I want to be able to log in with my account\n  So that I can access my account-related features and manage my orders","descriptionHtml":"<p>As a user of the OpenCart website<br />\nI want to be able to log in with my account<br />\nSo that I can access my account-related features and manage my orders</p>\n","status":"skipped","statusMessage":"Could not start a new session. Response code 500. Message: session not created: Chrome failed to start: exited normally.\n  (session not created: DevToolsActivePort file doesn't exist)\n  (The process started from chrome location /usr/bin/google-chrome is no longer running, so ChromeDriver is assuming that Chrome has crashed.) \nHost info: host: 'fv-az887-102', ip: '10.1.0.22'\nBuild info: version: '4.17.0', revision: 'e52b1be057*'\nSystem info: os.name: 'Linux', os.arch: 'amd64', os.version: '6.2.0-1019-azure', java.version: '17.0.10'\nDriver info: org.openqa.selenium.chrome.ChromeDriver\nCommand: [null, newSession {capabilities=[Capabilities {browserName: chrome, goog:chromeOptions: {args: [--start-maximized], binary: /usr/bin/google-chrome, extensions: []}}]}]","statusTrace":"org.openqa.selenium.SessionNotCreatedException: Could not start a new session. Response code 500. Message: session not created: Chrome failed to start: exited normally.\n  (session not created: DevToolsActivePort file doesn't exist)\n  (The process started from chrome location /usr/bin/google-chrome is no longer running, so ChromeDriver is assuming that Chrome has crashed.) \nHost info: host: 'fv-az887-102', ip: '10.1.0.22'\nBuild info: version: '4.17.0', revision: 'e52b1be057*'\nSystem info: os.name: 'Linux', os.arch: 'amd64', os.version: '6.2.0-1019-azure', java.version: '17.0.10'\nDriver info: org.openqa.selenium.chrome.ChromeDriver\nCommand: [null, newSession {capabilities=[Capabilities {browserName: chrome, goog:chromeOptions: {args: [--start-maximized], binary: /usr/bin/google-chrome, extensions: []}}]}]\n\tat org.openqa.selenium.remote.ProtocolHandshake.createSession(ProtocolHandshake.java:139)\n\tat org.openqa.selenium.remote.ProtocolHandshake.createSession(ProtocolHandshake.java:95)\n\tat org.openqa.selenium.remote.ProtocolHandshake.createSession(ProtocolHandshake.java:67)\n\tat org.openqa.selenium.remote.HttpCommandExecutor.execute(HttpCommandExecutor.java:162)\n\tat org.openqa.selenium.remote.service.DriverCommandExecutor.invokeExecute(DriverCommandExecutor.java:216)\n\tat org.openqa.selenium.remote.service.DriverCommandExecutor.execute(DriverCommandExecutor.java:174)\n\tat org.openqa.selenium.remote.RemoteWebDriver.execute(RemoteWebDriver.java:519)\n\tat org.openqa.selenium.remote.RemoteWebDriver.startSession(RemoteWebDriver.java:233)\n\tat org.openqa.selenium.remote.RemoteWebDriver.<init>(RemoteWebDriver.java:162)\n\tat org.openqa.selenium.chromium.ChromiumDriver.<init>(ChromiumDriver.java:114)\n\tat org.openqa.selenium.chrome.ChromeDriver.<init>(ChromeDriver.java:89)\n\tat org.openqa.selenium.chrome.ChromeDriver.<init>(ChromeDriver.java:84)\n\tat org.openqa.selenium.chrome.ChromeDriver.<init>(ChromeDriver.java:73)\n\tat com.qa.factory.DriverFactory.init_driver(DriverFactory.java:38)\n\tat parallel.ApplicationHooks.launchBrowser(ApplicationHooks.java:34)\n","flaky":false,"newFailed":false,"newBroken":false,"newPassed":false,"retriesCount":0,"retriesStatusChange":false,"beforeStages":[{"name":"parallel.ApplicationHooks.getProperty()","time":{"start":1707410183495,"stop":1707410183495,"duration":0},"status":"passed","steps":[],"attachments":[],"parameters":[],"shouldDisplayMessage":false,"stepsCount":0,"attachmentsCount":0,"hasContent":false,"attachmentStep":false},{"name":"parallel.ApplicationHooks.launchBrowser()","time":{"start":1707410183496,"stop":1707410200069,"duration":16573},"status":"broken","statusMessage":"BEFORE is failed: Could not start a new session. Response code 500. Message: session not created: Chrome failed to start: exited normally.\n  (session not created: DevToolsActivePort file doesn't exist)\n  (The process started from chrome location /usr/bin/google-chrome is no longer running, so ChromeDriver is assuming that Chrome has crashed.) \nHost info: host: 'fv-az887-102', ip: '10.1.0.22'\nBuild info: version: '4.17.0', revision: 'e52b1be057*'\nSystem info: os.name: 'Linux', os.arch: 'amd64', os.version: '6.2.0-1019-azure', java.version: '17.0.10'\nDriver info: org.openqa.selenium.chrome.ChromeDriver\nCommand: [null, newSession {capabilities=[Capabilities {browserName: chrome, goog:chromeOptions: {args: [--start-maximized], binary: /usr/bin/google-chrome, extensions: []}}]}]","statusTrace":"org.openqa.selenium.SessionNotCreatedException: Could not start a new session. Response code 500. Message: session not created: Chrome failed to start: exited normally.\n  (session not created: DevToolsActivePort file doesn't exist)\n  (The process started from chrome location /usr/bin/google-chrome is no longer running, so ChromeDriver is assuming that Chrome has crashed.) \nHost info: host: 'fv-az887-102', ip: '10.1.0.22'\nBuild info: version: '4.17.0', revision: 'e52b1be057*'\nSystem info: os.name: 'Linux', os.arch: 'amd64', os.version: '6.2.0-1019-azure', java.version: '17.0.10'\nDriver info: org.openqa.selenium.chrome.ChromeDriver\nCommand: [null, newSession {capabilities=[Capabilities {browserName: chrome, goog:chromeOptions: {args: [--start-maximized], binary: /usr/bin/google-chrome, extensions: []}}]}]\n\tat org.openqa.selenium.remote.ProtocolHandshake.createSession(ProtocolHandshake.java:139)\n\tat org.openqa.selenium.remote.ProtocolHandshake.createSession(ProtocolHandshake.java:95)\n\tat org.openqa.selenium.remote.ProtocolHandshake.createSession(ProtocolHandshake.java:67)\n\tat org.openqa.selenium.remote.HttpCommandExecutor.execute(HttpCommandExecutor.java:162)\n\tat org.openqa.selenium.remote.service.DriverCommandExecutor.invokeExecute(DriverCommandExecutor.java:216)\n\tat org.openqa.selenium.remote.service.DriverCommandExecutor.execute(DriverCommandExecutor.java:174)\n\tat org.openqa.selenium.remote.RemoteWebDriver.execute(RemoteWebDriver.java:519)\n\tat org.openqa.selenium.remote.RemoteWebDriver.startSession(RemoteWebDriver.java:233)\n\tat org.openqa.selenium.remote.RemoteWebDriver.<init>(RemoteWebDriver.java:162)\n\tat org.openqa.selenium.chromium.ChromiumDriver.<init>(ChromiumDriver.java:114)\n\tat org.openqa.selenium.chrome.ChromeDriver.<init>(ChromeDriver.java:89)\n\tat org.openqa.selenium.chrome.ChromeDriver.<init>(ChromeDriver.java:84)\n\tat org.openqa.selenium.chrome.ChromeDriver.<init>(ChromeDriver.java:73)\n\tat com.qa.factory.DriverFactory.init_driver(DriverFactory.java:38)\n\tat parallel.ApplicationHooks.launchBrowser(ApplicationHooks.java:34)\n","steps":[],"attachments":[],"parameters":[],"shouldDisplayMessage":true,"stepsCount":0,"attachmentsCount":0,"hasContent":true,"attachmentStep":false}],"testStage":{"description":"  As a user of the OpenCart website\n  I want to be able to log in with my account\n  So that I can access my account-related features and manage my orders","status":"skipped","statusMessage":"Could not start a new session. Response code 500. Message: session not created: Chrome failed to start: exited normally.\n  (session not created: DevToolsActivePort file doesn't exist)\n  (The process started from chrome location /usr/bin/google-chrome is no longer running, so ChromeDriver is assuming that Chrome has crashed.) \nHost info: host: 'fv-az887-102', ip: '10.1.0.22'\nBuild info: version: '4.17.0', revision: 'e52b1be057*'\nSystem info: os.name: 'Linux', os.arch: 'amd64', os.version: '6.2.0-1019-azure', java.version: '17.0.10'\nDriver info: org.openqa.selenium.chrome.ChromeDriver\nCommand: [null, newSession {capabilities=[Capabilities {browserName: chrome, goog:chromeOptions: {args: [--start-maximized], binary: /usr/bin/google-chrome, extensions: []}}]}]","statusTrace":"org.openqa.selenium.SessionNotCreatedException: Could not start a new session. Response code 500. Message: session not created: Chrome failed to start: exited normally.\n  (session not created: DevToolsActivePort file doesn't exist)\n  (The process started from chrome location /usr/bin/google-chrome is no longer running, so ChromeDriver is assuming that Chrome has crashed.) \nHost info: host: 'fv-az887-102', ip: '10.1.0.22'\nBuild info: version: '4.17.0', revision: 'e52b1be057*'\nSystem info: os.name: 'Linux', os.arch: 'amd64', os.version: '6.2.0-1019-azure', java.version: '17.0.10'\nDriver info: org.openqa.selenium.chrome.ChromeDriver\nCommand: [null, newSession {capabilities=[Capabilities {browserName: chrome, goog:chromeOptions: {args: [--start-maximized], binary: /usr/bin/google-chrome, extensions: []}}]}]\n\tat org.openqa.selenium.remote.ProtocolHandshake.createSession(ProtocolHandshake.java:139)\n\tat org.openqa.selenium.remote.ProtocolHandshake.createSession(ProtocolHandshake.java:95)\n\tat org.openqa.selenium.remote.ProtocolHandshake.createSession(ProtocolHandshake.java:67)\n\tat org.openqa.selenium.remote.HttpCommandExecutor.execute(HttpCommandExecutor.java:162)\n\tat org.openqa.selenium.remote.service.DriverCommandExecutor.invokeExecute(DriverCommandExecutor.java:216)\n\tat org.openqa.selenium.remote.service.DriverCommandExecutor.execute(DriverCommandExecutor.java:174)\n\tat org.openqa.selenium.remote.RemoteWebDriver.execute(RemoteWebDriver.java:519)\n\tat org.openqa.selenium.remote.RemoteWebDriver.startSession(RemoteWebDriver.java:233)\n\tat org.openqa.selenium.remote.RemoteWebDriver.<init>(RemoteWebDriver.java:162)\n\tat org.openqa.selenium.chromium.ChromiumDriver.<init>(ChromiumDriver.java:114)\n\tat org.openqa.selenium.chrome.ChromeDriver.<init>(ChromeDriver.java:89)\n\tat org.openqa.selenium.chrome.ChromeDriver.<init>(ChromeDriver.java:84)\n\tat org.openqa.selenium.chrome.ChromeDriver.<init>(ChromeDriver.java:73)\n\tat com.qa.factory.DriverFactory.init_driver(DriverFactory.java:38)\n\tat parallel.ApplicationHooks.launchBrowser(ApplicationHooks.java:34)\n","steps":[{"name":"Given  I am on the OpenCart login page","time":{"start":1707410200076,"stop":1707410200077,"duration":1},"status":"skipped","steps":[],"attachments":[],"parameters":[],"shouldDisplayMessage":false,"stepsCount":0,"attachmentsCount":0,"hasContent":false,"attachmentStep":false},{"name":"Given  I have entered invalid \"invalid@email.com\" and \"invalidPassword\"","time":{"start":1707410200077,"stop":1707410200078,"duration":1},"status":"skipped","steps":[],"attachments":[],"parameters":[],"shouldDisplayMessage":false,"stepsCount":0,"attachmentsCount":0,"hasContent":false,"attachmentStep":false},{"name":"When  I click on the login button","time":{"start":1707410200078,"stop":1707410200079,"duration":1},"status":"skipped","steps":[],"attachments":[],"parameters":[],"shouldDisplayMessage":false,"stepsCount":0,"attachmentsCount":0,"hasContent":false,"attachmentStep":false},{"name":"Then  I should see an error message indicating \"Warning: No match for E-Mail Address and/or Password.\"","time":{"start":1707410200079,"stop":1707410200108,"duration":29},"status":"skipped","steps":[],"attachments":[],"parameters":[],"shouldDisplayMessage":false,"stepsCount":0,"attachmentsCount":0,"hasContent":false,"attachmentStep":false}],"attachments":[],"parameters":[],"shouldDisplayMessage":true,"stepsCount":4,"attachmentsCount":0,"hasContent":true,"attachmentStep":false},"afterStages":[{"name":"parallel.ApplicationHooks.tearDown(io.cucumber.java.Scenario)","time":{"start":1707410200108,"stop":1707410200110,"duration":2},"status":"broken","statusMessage":"AFTER is failed: Cannot invoke \"org.openqa.selenium.TakesScreenshot.getScreenshotAs(org.openqa.selenium.OutputType)\" because \"this.driver\" is null","statusTrace":"java.lang.NullPointerException: Cannot invoke \"org.openqa.selenium.TakesScreenshot.getScreenshotAs(org.openqa.selenium.OutputType)\" because \"this.driver\" is null\n\tat parallel.ApplicationHooks.tearDown(ApplicationHooks.java:47)\n","steps":[],"attachments":[],"parameters":[],"shouldDisplayMessage":true,"stepsCount":0,"attachmentsCount":0,"hasContent":true,"attachmentStep":false},{"name":"parallel.ApplicationHooks.quitBrowser()","time":{"start":1707410200110,"stop":1707410200111,"duration":1},"status":"broken","statusMessage":"AFTER is failed: Cannot invoke \"org.openqa.selenium.WebDriver.quit()\" because \"this.driver\" is null","statusTrace":"java.lang.NullPointerException: Cannot invoke \"org.openqa.selenium.WebDriver.quit()\" because \"this.driver\" is null\n\tat parallel.ApplicationHooks.quitBrowser(ApplicationHooks.java:39)\n","steps":[],"attachments":[],"parameters":[],"shouldDisplayMessage":true,"stepsCount":0,"attachmentsCount":0,"hasContent":true,"attachmentStep":false}],"labels":[{"name":"tag","value":"Smoke"},{"name":"host","value":"fv-az887-102"},{"name":"thread","value":"3520@fv-az887-102.TestNG-PoolService-7(24)"},{"name":"feature","value":"Login Functionality for OpenCart E-commerce Website"},{"name":"story","value":"Unsuccessful login with invalid or empty credentials"},{"name":"suite","value":"Login Functionality for OpenCart E-commerce Website"},{"name":"testClass","value":"Unsuccessful login with invalid or empty credentials"},{"name":"framework","value":"cucumber4jvm"},{"name":"language","value":"java"},{"name":"gherkin_uri","value":"file:///home/runner/work/CucumberHybridFramework/CucumberHybridFramework/src/test/resources/parallel/LoginPage.feature"},{"name":"package","value":"src.test.resources.parallel.LoginPage_feature.Login Functionality for OpenCart E-commerce Website"},{"name":"resultFormat","value":"allure2"}],"parameters":[{"name":"error_message","value":"Warning: No match for E-Mail Address and/or Password."},{"name":"password","value":"invalidPassword"},{"name":"username","value":"invalid@email.com"}],"links":[],"hidden":false,"retry":false,"extra":{"severity":"normal","retries":[],"categories":[],"history":{"statistic":{"failed":0,"broken":0,"skipped":1,"passed":1,"unknown":0,"total":2},"items":[{"uid":"d7e19f88b15081af","reportUrl":"https://sujitverma.github.io/CucumberHybridFramework/36//#testresult/d7e19f88b15081af","status":"passed","time":{"start":1707409222072,"stop":1707409227690,"duration":5618}}]},"tags":["Smoke"]},"source":"20f4a82cecaff64b.json","parameterValues":["Warning: No match for E-Mail Address and/or Password.","invalidPassword","invalid@email.com"]}